Library/Android/Prj/Mono2x/Gradle/unityLibrary/build/intermediates/manifest_merge_blame_file/release/manifest-merger-blame-release-report.txt
1<?xml version="1.0" encoding="utf-8"?>
2<manifest xmlns:android="http://schemas.android.com/apk/res/android"
3    xmlns:tools="http://schemas.android.com/tools"
4    package="com.unity3d.player"
5    android:versionCode="1"
6    android:versionName="0" >
7
8    <uses-sdk
9        android:minSdkVersion="26"
9-->src\main\AndroidManifest.xml
10        android:targetSdkVersion="29" />
10-->src\main\AndroidManifest.xml
11
12    <uses-feature android:glEsVersion="0x00030000" />
12-->src\main\AndroidManifest.xml:26:3-52
12-->src\main\AndroidManifest.xml:26:17-49
13
14    <uses-permission android:name="android.permission.INTERNET" />
14-->src\main\AndroidManifest.xml:27:3-65
14-->src\main\AndroidManifest.xml:27:20-62
15
16    <uses-feature
16-->src\main\AndroidManifest.xml:28:3-88
17        android:name="android.hardware.touchscreen"
17-->src\main\AndroidManifest.xml:28:17-60
18        android:required="false" />
18-->src\main\AndroidManifest.xml:28:61-85
19    <uses-feature
19-->src\main\AndroidManifest.xml:29:3-99
20        android:name="android.hardware.touchscreen.multitouch"
20-->src\main\AndroidManifest.xml:29:17-71
21        android:required="false" />
21-->src\main\AndroidManifest.xml:29:72-96
22    <uses-feature
22-->src\main\AndroidManifest.xml:30:3-108
23        android:name="android.hardware.touchscreen.multitouch.distinct"
23-->src\main\AndroidManifest.xml:30:17-80
24        android:required="false" />
24-->src\main\AndroidManifest.xml:30:81-105
25
26    <uses-permission android:name="android.permission.CAMERA" />
26-->src\main\AndroidManifest.xml:31:3-63
26-->src\main\AndroidManifest.xml:31:20-60
27
28    <uses-feature
28-->src\main\AndroidManifest.xml:32:3-85
29        android:name="android.hardware.camera.ar"
29-->src\main\AndroidManifest.xml:32:17-58
30        android:required="true" />
30-->src\main\AndroidManifest.xml:32:59-82
31    <uses-feature
31-->src\main\AndroidManifest.xml:33:3-83
32        android:name="com.google.ar.core.depth"
32-->src\main\AndroidManifest.xml:33:17-56
33        android:required="true" />
33-->src\main\AndroidManifest.xml:33:57-80
34
35    <application android:extractNativeLibs="true" >
35-->src\main\AndroidManifest.xml:3:3-25:17
35-->src\main\AndroidManifest.xml:3:16-48
36        <activity
36-->src\main\AndroidManifest.xml:4:5-11:16
37            android:name="com.unity3d.player.UnityPlayerActivity"
37-->src\main\AndroidManifest.xml:4:15-68
38            android:configChanges="mcc|mnc|locale|touchscreen|keyboard|keyboardHidden|navigation|orientation|screenLayout|uiMode|screenSize|smallestScreenSize|fontScale|layoutDirection|density"
38-->src\main\AndroidManifest.xml:4:180-361
39            android:hardwareAccelerated="false"
39-->src\main\AndroidManifest.xml:4:397-432
40            android:launchMode="singleTask"
40-->src\main\AndroidManifest.xml:4:148-179
41            android:resizeableActivity="false"
41-->src\main\AndroidManifest.xml:4:362-396
42            android:screenOrientation="portrait"
42-->src\main\AndroidManifest.xml:4:111-147
43            android:theme="@style/UnityThemeSelector" >
43-->src\main\AndroidManifest.xml:4:69-110
44            <intent-filter>
44-->src\main\AndroidManifest.xml:5:7-8:23
45                <action android:name="android.intent.action.MAIN" />
45-->src\main\AndroidManifest.xml:6:9-61
45-->src\main\AndroidManifest.xml:6:17-58
46
47                <category android:name="android.intent.category.LAUNCHER" />
47-->src\main\AndroidManifest.xml:7:9-69
47-->src\main\AndroidManifest.xml:7:19-66
48            </intent-filter>
49
50            <meta-data
50-->src\main\AndroidManifest.xml:9:7-82
51                android:name="unityplayer.UnityActivity"
51-->src\main\AndroidManifest.xml:9:18-58
52                android:value="true" />
52-->src\main\AndroidManifest.xml:9:59-79
53            <meta-data
53-->src\main\AndroidManifest.xml:10:7-78
54                android:name="android.notch_support"
54-->src\main\AndroidManifest.xml:10:18-54
55                android:value="true" />
55-->src\main\AndroidManifest.xml:10:55-75
56        </activity>
57
58        <meta-data
58-->src\main\AndroidManifest.xml:12:5-69
59            android:name="unity.splash-mode"
59-->src\main\AndroidManifest.xml:12:16-48
60            android:value="0" />
60-->src\main\AndroidManifest.xml:12:49-66
61        <meta-data
61-->src\main\AndroidManifest.xml:13:5-74
62            android:name="unity.splash-enable"
62-->src\main\AndroidManifest.xml:13:16-50
63            android:value="True" />
63-->src\main\AndroidManifest.xml:13:51-71
64        <meta-data
64-->src\main\AndroidManifest.xml:14:5-78
65            android:name="unity.launch-fullscreen"
65-->src\main\AndroidManifest.xml:14:16-54
66            android:value="True" />
66-->src\main\AndroidManifest.xml:14:55-75
67        <meta-data
67-->src\main\AndroidManifest.xml:15:5-84
68            android:name="unity.allow-resizable-window"
68-->src\main\AndroidManifest.xml:15:16-59
69            android:value="False" />
69-->src\main\AndroidManifest.xml:15:60-81
70        <meta-data
70-->src\main\AndroidManifest.xml:16:5-81
71            android:name="notch.config"
71-->src\main\AndroidManifest.xml:16:16-43
72            android:value="portrait|landscape" />
72-->src\main\AndroidManifest.xml:16:44-78
73
74        <receiver
74-->src\main\AndroidManifest.xml:17:5-112
75            android:name="com.unity.androidnotifications.UnityNotificationManager"
75-->src\main\AndroidManifest.xml:17:15-85
76            android:exported="true" />
76-->src\main\AndroidManifest.xml:17:86-109
77        <receiver
77-->src\main\AndroidManifest.xml:18:5-22:16
78            android:name="com.unity.androidnotifications.UnityNotificationRestartOnBootReceiver"
78-->src\main\AndroidManifest.xml:18:15-99
79            android:enabled="false" >
79-->src\main\AndroidManifest.xml:18:100-123
80            <intent-filter>
80-->src\main\AndroidManifest.xml:19:7-21:23
81                <action android:name="android.intent.action.BOOT_COMPLETED" />
81-->src\main\AndroidManifest.xml:20:9-71
81-->src\main\AndroidManifest.xml:20:17-68
82            </intent-filter>
83        </receiver>
84
85        <meta-data
85-->src\main\AndroidManifest.xml:23:5-88
86            android:name="unityplayer.SkipPermissionsDialog"
86-->src\main\AndroidManifest.xml:23:16-64
87            android:value="true" />
87-->src\main\AndroidManifest.xml:23:65-85
88        <meta-data
88-->src\main\AndroidManifest.xml:24:5-77
89            android:name="com.google.ar.core"
89-->src\main\AndroidManifest.xml:24:16-49
90            android:value="required" />
90-->src\main\AndroidManifest.xml:24:50-74
91    </application>
92
93</manifest>